2021-10-01 21:17:34.796890 START SAMPLE PREP 1
2021-10-01 21:23:59.880936 END SAMPLE PREP 1
2021-10-01 21:23:59.881072 START QUERY PREP 1.1
2021-10-01 21:24:02.025233 END QUERY PREP 1.1
2021-10-01 21:24:02.025275 START DO QUERY 1.1
2021-10-01 21:24:05.930881 END DO QUERY 1.1
2021-10-01 21:24:05.931195 START QUERY PREP 1.2
2021-10-01 21:24:08.203852 END QUERY PREP 1.2
2021-10-01 21:24:08.203891 START DO QUERY 1.2
2021-10-01 21:24:11.785460 END DO QUERY 1.2
2021-10-01 21:24:11.785752 START QUERY PREP 1.3
2021-10-01 21:24:13.514548 END QUERY PREP 1.3
2021-10-01 21:24:13.514586 START DO QUERY 1.3
2021-10-01 21:24:16.922100 END DO QUERY 1.3
2021-10-01 21:24:16.922385 START SAMPLE PREP 2
2021-10-01 21:27:25.484941 END SAMPLE PREP 2
2021-10-01 21:27:25.485967 START QUERY PREP 2.1
2021-10-01 21:27:27.945835 END QUERY PREP 2.1
2021-10-01 21:27:27.945872 START DO QUERY 2.1
2021-10-01 21:27:31.326055 END DO QUERY 2.1
2021-10-01 21:27:31.326368 START QUERY PREP 2.2
2021-10-01 21:27:33.341846 END QUERY PREP 2.2
2021-10-01 21:27:33.341881 START DO QUERY 2.2
2021-10-01 21:27:36.835354 END DO QUERY 2.2
2021-10-01 21:27:36.835645 START QUERY PREP 2.3
2021-10-01 21:27:39.422875 END QUERY PREP 2.3
2021-10-01 21:27:39.422909 START DO QUERY 2.3
2021-10-01 21:27:42.665230 END DO QUERY 2.3
2021-10-01 21:27:42.665528 START SAMPLE PREP 3
2021-10-01 21:42:53.907922 END SAMPLE PREP 3
2021-10-01 21:42:53.908047 START QUERY PREP 3.1
2021-10-01 21:42:56.288584 END QUERY PREP 3.1
2021-10-01 21:42:56.288621 START DO QUERY 3.1
2021-10-01 21:43:00.510389 END DO QUERY 3.1
2021-10-01 21:43:00.510726 START QUERY PREP 3.2
2021-10-01 21:43:02.673535 END QUERY PREP 3.2
2021-10-01 21:43:02.673571 START DO QUERY 3.2
2021-10-01 21:43:06.793270 END DO QUERY 3.2
2021-10-01 21:43:06.793597 START QUERY PREP 3.3
2021-10-01 21:43:09.149375 END QUERY PREP 3.3
2021-10-01 21:43:09.149418 START DO QUERY 3.3
2021-10-01 21:43:13.275461 END DO QUERY 3.3
2021-10-01 21:43:13.275749 START SAMPLE PREP 4
2021-10-01 21:56:47.309095 END SAMPLE PREP 4
2021-10-01 21:56:47.309223 START QUERY PREP 4.1
2021-10-01 21:56:49.213772 END QUERY PREP 4.1
2021-10-01 21:56:49.213807 START DO QUERY 4.1
2021-10-01 21:56:52.264414 END DO QUERY 4.1
2021-10-01 21:56:52.264720 START QUERY PREP 4.2
2021-10-01 21:56:54.307909 END QUERY PREP 4.2
2021-10-01 21:56:54.307943 START DO QUERY 4.2
2021-10-01 21:56:57.249977 END DO QUERY 4.2
2021-10-01 21:56:57.250295 START QUERY PREP 4.3
2021-10-01 21:56:59.529936 END QUERY PREP 4.3
2021-10-01 21:56:59.529972 START DO QUERY 4.3
2021-10-01 21:57:03.399023 END DO QUERY 4.3
2021-10-01 21:57:03.399404 START SAMPLE PREP 5
2021-10-01 22:06:33.453606 END SAMPLE PREP 5
2021-10-01 22:06:33.453731 START QUERY PREP 5.1
2021-10-01 22:06:35.143414 END QUERY PREP 5.1
2021-10-01 22:06:35.143451 START DO QUERY 5.1
2021-10-01 22:06:39.070561 END DO QUERY 5.1
2021-10-01 22:06:39.070939 START QUERY PREP 5.2
2021-10-01 22:06:40.813029 END QUERY PREP 5.2
2021-10-01 22:06:40.813064 START DO QUERY 5.2
2021-10-01 22:06:44.248942 END DO QUERY 5.2
2021-10-01 22:06:44.249566 START QUERY PREP 5.3
2021-10-01 22:06:46.623949 END QUERY PREP 5.3
2021-10-01 22:06:46.623993 START DO QUERY 5.3
2021-10-01 22:06:50.629675 END DO QUERY 5.3
