2021-10-02 00:34:14.570907 START SAMPLE PREP 1
2021-10-02 01:53:53.538689 END SAMPLE PREP 1
2021-10-02 01:53:53.538826 START QUERY PREP 1.1
2021-10-02 01:53:54.887387 END QUERY PREP 1.1
2021-10-02 01:53:54.887423 START DO QUERY 1.1
2021-10-02 01:53:57.281343 END DO QUERY 1.1
2021-10-02 01:53:57.281662 START QUERY PREP 1.2
2021-10-02 01:53:58.621209 END QUERY PREP 1.2
2021-10-02 01:53:58.621246 START DO QUERY 1.2
2021-10-02 01:54:01.229596 END DO QUERY 1.2
2021-10-02 01:54:01.229908 START QUERY PREP 1.3
2021-10-02 01:54:02.549598 END QUERY PREP 1.3
2021-10-02 01:54:02.549633 START DO QUERY 1.3
2021-10-02 01:54:05.234516 END DO QUERY 1.3
2021-10-02 01:54:05.234828 START SAMPLE PREP 2
2021-10-02 02:30:34.795347 END SAMPLE PREP 2
2021-10-02 02:30:34.795468 START QUERY PREP 2.1
2021-10-02 02:30:36.142908 END QUERY PREP 2.1
2021-10-02 02:30:36.142943 START DO QUERY 2.1
2021-10-02 02:30:38.560365 END DO QUERY 2.1
2021-10-02 02:30:38.560793 START QUERY PREP 2.2
2021-10-02 02:30:39.850092 END QUERY PREP 2.2
2021-10-02 02:30:39.850126 START DO QUERY 2.2
2021-10-02 02:30:42.605159 END DO QUERY 2.2
2021-10-02 02:30:42.605457 START QUERY PREP 2.3
2021-10-02 02:30:43.903216 END QUERY PREP 2.3
2021-10-02 02:30:43.903251 START DO QUERY 2.3
2021-10-02 02:30:46.549397 END DO QUERY 2.3
2021-10-02 02:30:46.549679 START SAMPLE PREP 3
2021-10-02 05:50:19.462250 END SAMPLE PREP 3
2021-10-02 05:50:19.462386 START QUERY PREP 3.1
2021-10-02 05:50:20.907244 END QUERY PREP 3.1
2021-10-02 05:50:20.907280 START DO QUERY 3.1
2021-10-02 05:50:23.624059 END DO QUERY 3.1
2021-10-02 05:50:23.624363 START QUERY PREP 3.2
2021-10-02 05:50:24.926069 END QUERY PREP 3.2
2021-10-02 05:50:24.926104 START DO QUERY 3.2
2021-10-02 05:50:27.538425 END DO QUERY 3.2
2021-10-02 05:50:27.538751 START QUERY PREP 3.3
2021-10-02 05:50:28.891048 END QUERY PREP 3.3
2021-10-02 05:50:28.891080 START DO QUERY 3.3
2021-10-02 05:50:31.504361 END DO QUERY 3.3
2021-10-02 05:50:31.504639 START SAMPLE PREP 4
2021-10-02 08:47:21.698208 END SAMPLE PREP 4
2021-10-02 08:47:21.698328 START QUERY PREP 4.1
2021-10-02 08:47:23.409869 END QUERY PREP 4.1
2021-10-02 08:47:23.409905 START DO QUERY 4.1
2021-10-02 08:47:25.967974 END DO QUERY 4.1
2021-10-02 08:47:25.968276 START QUERY PREP 4.2
2021-10-02 08:47:27.387390 END QUERY PREP 4.2
2021-10-02 08:47:27.387426 START DO QUERY 4.2
2021-10-02 08:47:29.996789 END DO QUERY 4.2
2021-10-02 08:47:29.997088 START QUERY PREP 4.3
2021-10-02 08:47:31.440788 END QUERY PREP 4.3
2021-10-02 08:47:31.440824 START DO QUERY 4.3
2021-10-02 08:47:33.875861 END DO QUERY 4.3
2021-10-02 08:47:33.876139 START SAMPLE PREP 5
2021-10-02 10:45:14.150193 END SAMPLE PREP 5
2021-10-02 10:45:14.150326 START QUERY PREP 5.1
2021-10-02 10:45:15.597057 END QUERY PREP 5.1
2021-10-02 10:45:15.597094 START DO QUERY 5.1
2021-10-02 10:45:18.107582 END DO QUERY 5.1
2021-10-02 10:45:18.107893 START QUERY PREP 5.2
2021-10-02 10:45:19.548366 END QUERY PREP 5.2
2021-10-02 10:45:19.548401 START DO QUERY 5.2
2021-10-02 10:45:22.041382 END DO QUERY 5.2
2021-10-02 10:45:22.041713 START QUERY PREP 5.3
2021-10-02 10:45:23.698302 END QUERY PREP 5.3
2021-10-02 10:45:23.698341 START DO QUERY 5.3
2021-10-02 10:45:26.438931 END DO QUERY 5.3
