2021-10-02 12:08:37.423748 START SAMPLE PREP 1
2021-10-02 12:08:38.762943 END SAMPLE PREP 1
2021-10-02 12:08:38.763072 START QUERY PREP 1.1
2021-10-02 12:08:40.123400 END QUERY PREP 1.1
2021-10-02 12:08:40.123435 START DO QUERY 1.1
2021-10-02 12:10:41.596664 END DO QUERY 1.1
2021-10-02 12:10:41.596963 START QUERY PREP 1.2
2021-10-02 12:10:43.025039 END QUERY PREP 1.2
2021-10-02 12:10:43.025076 START DO QUERY 1.2
2021-10-02 12:12:42.253243 END DO QUERY 1.2
2021-10-02 12:12:42.253550 START QUERY PREP 1.3
2021-10-02 12:12:43.681963 END QUERY PREP 1.3
2021-10-02 12:12:43.681996 START DO QUERY 1.3
2021-10-02 12:14:41.574410 END DO QUERY 1.3
2021-10-02 12:14:41.574736 START SAMPLE PREP 2
2021-10-02 12:14:42.890815 END SAMPLE PREP 2
2021-10-02 12:14:42.890961 START QUERY PREP 2.1
2021-10-02 12:14:44.328465 END QUERY PREP 2.1
2021-10-02 12:14:44.328499 START DO QUERY 2.1
2021-10-02 12:15:42.007157 END DO QUERY 2.1
2021-10-02 12:15:42.007488 START QUERY PREP 2.2
2021-10-02 12:15:43.634962 END QUERY PREP 2.2
2021-10-02 12:15:43.634994 START DO QUERY 2.2
2021-10-02 12:16:39.488461 END DO QUERY 2.2
2021-10-02 12:16:39.488766 START QUERY PREP 2.3
2021-10-02 12:16:40.890367 END QUERY PREP 2.3
2021-10-02 12:16:40.890404 START DO QUERY 2.3
2021-10-02 12:17:36.666601 END DO QUERY 2.3
2021-10-02 12:17:36.666915 START SAMPLE PREP 3
2021-10-02 12:17:37.945488 END SAMPLE PREP 3
2021-10-02 12:17:37.945622 START QUERY PREP 3.1
2021-10-02 12:17:39.218013 END QUERY PREP 3.1
2021-10-02 12:17:39.218048 START DO QUERY 3.1
2021-10-02 12:22:43.100966 END DO QUERY 3.1
2021-10-02 12:22:43.101261 START QUERY PREP 3.2
2021-10-02 12:22:44.632560 END QUERY PREP 3.2
2021-10-02 12:22:44.632596 START DO QUERY 3.2
2021-10-02 12:27:41.037199 END DO QUERY 3.2
2021-10-02 12:27:41.037515 START QUERY PREP 3.3
2021-10-02 12:27:42.371375 END QUERY PREP 3.3
2021-10-02 12:27:42.371413 START DO QUERY 3.3
2021-10-02 12:32:38.953245 END DO QUERY 3.3
2021-10-02 12:32:38.953522 START SAMPLE PREP 4
2021-10-02 12:32:40.602025 END SAMPLE PREP 4
2021-10-02 12:32:40.602154 START QUERY PREP 4.1
2021-10-02 12:32:42.189037 END QUERY PREP 4.1
2021-10-02 12:32:42.189072 START DO QUERY 4.1
2021-10-02 12:37:12.273344 END DO QUERY 4.1
2021-10-02 12:37:12.273640 START QUERY PREP 4.2
2021-10-02 12:37:13.541181 END QUERY PREP 4.2
2021-10-02 12:37:13.541216 START DO QUERY 4.2
2021-10-02 12:41:37.237395 END DO QUERY 4.2
2021-10-02 12:41:37.237711 START QUERY PREP 4.3
2021-10-02 12:41:38.604660 END QUERY PREP 4.3
2021-10-02 12:41:38.604696 START DO QUERY 4.3
2021-10-02 12:46:01.137046 END DO QUERY 4.3
2021-10-02 12:46:01.137329 START SAMPLE PREP 5
2021-10-02 12:46:02.562410 END SAMPLE PREP 5
2021-10-02 12:46:02.562542 START QUERY PREP 5.1
2021-10-02 12:46:04.260003 END QUERY PREP 5.1
2021-10-02 12:46:04.260038 START DO QUERY 5.1
2021-10-02 12:49:00.771338 END DO QUERY 5.1
2021-10-02 12:49:00.771658 START QUERY PREP 5.2
2021-10-02 12:49:02.110556 END QUERY PREP 5.2
2021-10-02 12:49:02.110595 START DO QUERY 5.2
2021-10-02 12:51:54.162171 END DO QUERY 5.2
2021-10-02 12:51:54.162504 START QUERY PREP 5.3
2021-10-02 12:51:55.444836 END QUERY PREP 5.3
2021-10-02 12:51:55.444870 START DO QUERY 5.3
2021-10-02 12:54:46.958844 END DO QUERY 5.3
